<?xml version="1.0" encoding="UTF-8"?>
<!-- Generated by org.testng.reporters.JUnitXMLReporter -->
<testsuite ignored="0" hostname="ip-172-31-45-180" failures="0" tests="4" name="Default test" time="3.809" errors="0" timestamp="2021-03-08T07:57:19 UTC">
  <testcase classname="com.stackroute.accountmanager.controller.UserControllerTest" name="test_registerUser" time="3.029"/>
  <testcase classname="com.stackroute.accountmanager.controller.UserControllerTest" name="test_registerSameUser" time="0.13"/>
  <testcase classname="com.stackroute.accountmanager.controller.UserControllerTest" name="test_loginUser" time="0.504"/>
  <testcase classname="com.stackroute.accountmanager.controller.UserControllerTest" name="test_loginInvalidUser" time="0.073"/>
</testsuite> <!-- Default test -->
