<?xml version="1.0" encoding="UTF-8"?>
<testng-results ignored="0" total="4" passed="4" failed="0" skipped="0">
  <reporter-output>
  </reporter-output>
  <suite started-at="2021-03-08T07:57:15 UTC" name="Default suite" finished-at="2021-03-08T07:57:19 UTC" duration-ms="3809">
    <groups>
    </groups>
    <test started-at="2021-03-08T07:57:15 UTC" name="Default test" finished-at="2021-03-08T07:57:19 UTC" duration-ms="3809">
      <class name="com.stackroute.accountmanager.controller.UserControllerTest">
        <test-method signature="test_registerUser()[pri:1, instance:com.stackroute.accountmanager.controller.UserControllerTest@17046283]" started-at="2021-03-08T07:57:15 UTC" name="test_registerUser" finished-at="2021-03-08T07:57:18 UTC" duration-ms="3029" status="PASS">
          <reporter-output>
          </reporter-output>
        </test-method> <!-- test_registerUser -->
        <test-method signature="test_registerSameUser()[pri:2, instance:com.stackroute.accountmanager.controller.UserControllerTest@17046283]" started-at="2021-03-08T07:57:18 UTC" name="test_registerSameUser" finished-at="2021-03-08T07:57:18 UTC" duration-ms="130" status="PASS">
          <reporter-output>
          </reporter-output>
        </test-method> <!-- test_registerSameUser -->
        <test-method signature="test_loginUser()[pri:3, instance:com.stackroute.accountmanager.controller.UserControllerTest@17046283]" started-at="2021-03-08T07:57:19 UTC" name="test_loginUser" finished-at="2021-03-08T07:57:19 UTC" duration-ms="504" status="PASS">
          <reporter-output>
          </reporter-output>
        </test-method> <!-- test_loginUser -->
        <test-method signature="test_loginInvalidUser()[pri:4, instance:com.stackroute.accountmanager.controller.UserControllerTest@17046283]" started-at="2021-03-08T07:57:19 UTC" name="test_loginInvalidUser" finished-at="2021-03-08T07:57:19 UTC" duration-ms="73" status="PASS">
          <reporter-output>
          </reporter-output>
        </test-method> <!-- test_loginInvalidUser -->
      </class> <!-- com.stackroute.accountmanager.controller.UserControllerTest -->
    </test> <!-- Default test -->
  </suite> <!-- Default suite -->
</testng-results>
